#
# There is insufficient memory for the Java Runtime Environment to continue.
# Native memory allocation (mmap) failed to map 134217728 bytes for Failed to commit area from 0x0000000081400000 to 0x0000000089400000 of length 134217728.
# Possible reasons:
#   The system is out of physical RAM or swap space
#   The process is running with CompressedOops enabled, and the Java Heap may be blocking the growth of the native heap
# Possible solutions:
#   Reduce memory load on the system
#   Increase physical memory or swap space
#   Check if swap backing store is full
#   Decrease Java heap size (-Xmx/-Xms)
#   Decrease number of Java threads
#   Decrease Java thread stack sizes (-Xss)
#   Set larger code cache with -XX:ReservedCodeCacheSize=
# This output file may be truncated or incomplete.
#
#  Out of Memory Error (./open/src/hotspot/os/windows/os_windows.cpp:3276), pid=23436, tid=9888
#
# JRE version:  (11.0.13+10) (build )
# Java VM: Java HotSpot(TM) 64-Bit Server VM (11.0.13+10-LTS-370, mixed mode, sharing, tiered, compressed oops, g1 gc, windows-amd64)
# No core dump will be written. Minidumps are not enabled by default on client versions of Windows
#

---------------  S U M M A R Y ------------

Command Line: -XX:TieredStopAtLevel=1 -Xverify:none -Dspring.output.ansi.enabled=always -javaagent:C:\Program Files\JetBrains\IntelliJ IDEA 2021.2.3\lib\idea_rt.jar=56957:C:\Program Files\JetBrains\IntelliJ IDEA 2021.2.3\bin -Dcom.sun.management.jmxremote -Dspring.jmx.enabled=true -Dspring.liveBeansView.mbeanDomain -Dspring.application.admin.enabled=true -Dfile.encoding=UTF-8 com.example.demo.DemoApplication

Host: Intel(R) Core(TM) i5-8250U CPU @ 1.60GHz, 8 cores, 7G,  Windows 10 , 64 bit Build 19041 (10.0.19041.1348)
Time: Sun Jan 23 23:58:05 2022 대한민국 표준시 elapsed time: 0.045149 seconds (0d 0h 0m 0s)

---------------  T H R E A D  ---------------

Current thread (0x0000010e652ce000):  JavaThread "Unknown thread" [_thread_in_vm, id=9888, stack(0x0000000881900000,0x0000000881a00000)]

Stack: [0x0000000881900000,0x0000000881a00000]
Native frames: (J=compiled Java code, j=interpreted, Vv=VM code, C=native code)
V  [jvm.dll+0x62870a]
V  [jvm.dll+0x761f2f]
V  [jvm.dll+0x7635d9]
V  [jvm.dll+0x763c63]
V  [jvm.dll+0x23d728]
V  [jvm.dll+0x625aba]
V  [jvm.dll+0x61a855]
V  [jvm.dll+0x2f242c]
V  [jvm.dll+0x2f22b2]
V  [jvm.dll+0x2f6fd6]
V  [jvm.dll+0x3395ff]
V  [jvm.dll+0x339030]
V  [jvm.dll+0x2cfa38]
V  [jvm.dll+0x2d0ba6]
V  [jvm.dll+0x73c547]
V  [jvm.dll+0x73dddf]
V  [jvm.dll+0x346369]
V  [jvm.dll+0x721e60]
V  [jvm.dll+0x3b500f]
V  [jvm.dll+0x3b7121]
C  [jli.dll+0x5207]
C  [ucrtbase.dll+0x21bb2]
C  [KERNEL32.DLL+0x17034]
C  [ntdll.dll+0x52651]


---------------  P R O C E S S  ---------------

Threads class SMR info:
_java_thread_list=0x0000010e6316f460, length=0, elements={
}

Java Threads: ( => current thread )

Other Threads:
  0x0000010e652e2800 GCTaskThread "GC Thread#0" [stack: 0x0000000881a00000,0x0000000881b00000] [id=10588]
  0x0000010e6323d800 ConcurrentGCThread "G1 Main Marker" [stack: 0x0000000881b00000,0x0000000881c00000] [id=2592]
  0x0000010e65311000 ConcurrentGCThread "G1 Conc#0" [stack: 0x0000000881c00000,0x0000000881d00000] [id=1368]

[error occurred during error reporting (printing all threads), id 0xc0000005, EXCEPTION_ACCESS_VIOLATION (0xc0000005) at pc=0x00007ffe800eecc7]

VM state:not at safepoint (not fully initialized)

VM Mutex/Monitor currently owned by a thread:  ([mutex/lock_event])
[0x0000010e652cbba0] Heap_lock - owner thread: 0x0000010e652ce000

Heap address: 0x0000000081400000, size: 2028 MB, Compressed Oops mode: Non-zero based: 0x0000000081400000
Narrow klass base: 0x0000000000000000, Narrow klass shift: 0

GC Heap History (0 events):
No events

Deoptimization events (0 events):
No events

Classes redefined (0 events):
No events

Internal exceptions (0 events):
No events

Events (0 events):
No events


Dynamic libraries:
0x00007ff7c8970000 - 0x00007ff7c897f000 	C:\Program Files\Java\jdk-11.0.13\bin\java.exe
0x00007ffed25d0000 - 0x00007ffed27c5000 	C:\WINDOWS\SYSTEM32\ntdll.dll
0x00007ffed0870000 - 0x00007ffed092e000 	C:\WINDOWS\System32\KERNEL32.DLL
0x00007ffed0210000 - 0x00007ffed04d8000 	C:\WINDOWS\System32\KERNELBASE.dll
0x00007ffed0510000 - 0x00007ffed0610000 	C:\WINDOWS\System32\ucrtbase.dll
0x00007ffec8bd0000 - 0x00007ffec8be5000 	C:\Program Files\Java\jdk-11.0.13\bin\VCRUNTIME140.dll
0x00007ffec97c0000 - 0x00007ffec97d8000 	C:\Program Files\Java\jdk-11.0.13\bin\jli.dll
0x00007ffed0b30000 - 0x00007ffed0bdc000 	C:\WINDOWS\System32\ADVAPI32.dll
0x00007ffed18a0000 - 0x00007ffed193e000 	C:\WINDOWS\System32\msvcrt.dll
0x00007ffed1d00000 - 0x00007ffed1d9b000 	C:\WINDOWS\System32\sechost.dll
0x00007ffed0610000 - 0x00007ffed073a000 	C:\WINDOWS\System32\RPCRT4.dll
0x00007ffed0fa0000 - 0x00007ffed1141000 	C:\WINDOWS\System32\USER32.dll
0x00007ffecfd70000 - 0x00007ffecfd92000 	C:\WINDOWS\System32\win32u.dll
0x00007ffed0840000 - 0x00007ffed086b000 	C:\WINDOWS\System32\GDI32.dll
0x00007ffecfff0000 - 0x00007ffed00fd000 	C:\WINDOWS\System32\gdi32full.dll
0x00007ffea5950000 - 0x00007ffea5bea000 	C:\WINDOWS\WinSxS\amd64_microsoft.windows.common-controls_6595b64144ccf1df_6.0.19041.1110_none_60b5254171f9507e\COMCTL32.dll
0x00007ffecff50000 - 0x00007ffecffed000 	C:\WINDOWS\System32\msvcp_win.dll
0x00007ffec7c00000 - 0x00007ffec7c0a000 	C:\WINDOWS\SYSTEM32\VERSION.dll
0x00007ffed0740000 - 0x00007ffed0770000 	C:\WINDOWS\System32\IMM32.DLL
0x00007ffe993d0000 - 0x00007ffe9946b000 	C:\Program Files\Java\jdk-11.0.13\bin\msvcp140.dll
0x00007ffe7fe10000 - 0x00007ffe80923000 	C:\Program Files\Java\jdk-11.0.13\bin\server\jvm.dll
0x00007ffed2570000 - 0x00007ffed2578000 	C:\WINDOWS\System32\PSAPI.DLL
0x00007ffeb51b0000 - 0x00007ffeb51b9000 	C:\WINDOWS\SYSTEM32\WSOCK32.dll
0x00007ffed0e60000 - 0x00007ffed0ecb000 	C:\WINDOWS\System32\WS2_32.dll
0x00007ffeb8360000 - 0x00007ffeb8387000 	C:\WINDOWS\SYSTEM32\WINMM.dll
0x00007ffece5b0000 - 0x00007ffece5c2000 	C:\WINDOWS\SYSTEM32\kernel.appcore.dll
0x00007ffecbf50000 - 0x00007ffecbf60000 	C:\Program Files\Java\jdk-11.0.13\bin\verify.dll
0x00007ffecdac0000 - 0x00007ffecdca4000 	C:\WINDOWS\SYSTEM32\DBGHELP.DLL
0x00007ffebdc40000 - 0x00007ffebdc6c000 	C:\WINDOWS\SYSTEM32\dbgcore.DLL
0x00007ffecfce0000 - 0x00007ffecfd62000 	C:\WINDOWS\System32\bcryptPrimitives.dll
0x00007ffeab570000 - 0x00007ffeab598000 	C:\Program Files\Java\jdk-11.0.13\bin\java.dll
0x00007ffec9920000 - 0x00007ffec992a000 	C:\Program Files\Java\jdk-11.0.13\bin\jimage.dll
0x00007ffebbb50000 - 0x00007ffebbb5e000 	C:\Program Files\Java\jdk-11.0.13\bin\instrument.dll
0x00007ffea7e20000 - 0x00007ffea7e36000 	C:\Program Files\Java\jdk-11.0.13\bin\zip.dll

dbghelp: loaded successfully - version: 4.0.5 - missing functions: none
symbol engine: initialized successfully - sym options: 0x614 - pdb path: .;C:\Program Files\Java\jdk-11.0.13\bin;C:\WINDOWS\SYSTEM32;C:\WINDOWS\WinSxS\amd64_microsoft.windows.common-controls_6595b64144ccf1df_6.0.19041.1110_none_60b5254171f9507e;C:\Program Files\Java\jdk-11.0.13\bin\server

VM Arguments:
jvm_args: -XX:TieredStopAtLevel=1 -Xverify:none -Dspring.output.ansi.enabled=always -javaagent:C:\Program Files\JetBrains\IntelliJ IDEA 2021.2.3\lib\idea_rt.jar=56957:C:\Program Files\JetBrains\IntelliJ IDEA 2021.2.3\bin -Dcom.sun.management.jmxremote -Dspring.jmx.enabled=true -Dspring.liveBeansView.mbeanDomain -Dspring.application.admin.enabled=true -Dfile.encoding=UTF-8 
java_command: com.example.demo.DemoApplication
java_class_path (initial): C:\Users\djadp\Mechelin\Mechelin-server\build\classes\java\main;C:\Users\djadp\Mechelin\Mechelin-server\build\resources\main;C:\Users\djadp\.gradle\caches\modules-2\files-2.1\org.projectlombok\lombok\1.18.16\6dc192c7f93ec1853f70d59d8a6dcf94eb42866\lombok-1.18.16.jar;C:\Users\djadp\.gradle\caches\modules-2\files-2.1\org.springframework.boot\spring-boot-starter-data-jpa\2.4.2\4c703d6746355d0d894fc22488c8756b8fe25d29\spring-boot-starter-data-jpa-2.4.2.jar;C:\Users\djadp\.gradle\caches\modules-2\files-2.1\io.jsonwebtoken\jjwt\0.9.0\64e3ed8a5f0bc93ecea592a0b3280f995efbdfe9\jjwt-0.9.0.jar;C:\Users\djadp\.gradle\caches\modules-2\files-2.1\org.springframework.boot\spring-boot-starter-web\2.4.2\b61aa5408a80c4d0c0e5730b115066aaf90c61\spring-boot-starter-web-2.4.2.jar;C:\Users\djadp\.gradle\caches\modules-2\files-2.1\org.jetbrains\annotations\19.0.0\efbff6752f67a7c9de3e4251c086a88e23591dfd\annotations-19.0.0.jar;C:\Users\djadp\.gradle\caches\modules-2\files-2.1\org.springframework.boot\spring-boot-starter-jdbc\2.4.2\ad7b041d1f536bf060abc10afa66ae84e6aa6801\spring-boot-starter-jdbc-2.4.2.jar;C:\Users\djadp\.gradle\caches\modules-2\files-2.1\org.springframework.boot\spring-boot-starter-security\2.4.2\95e705128da824bfb81d43e4ec199826a6b37107\spring-boot-starter-security-2.4.2.jar;C:\Users\djadp\.gradle\caches\modules-2\files-2.1\org.springframework.boot\spring-boot-starter\2.4.2\126908b151a4666ead4e10ce002dd3bf34c4e366\spring-boot-starter-2.4.2.jar;C:\Users\djadp\.gradle\caches\modules-2\files-2.1\org.springframework.boot\spring-boot-starter-aop\2.4.2\442c08d70de18d5b1ddc903d1113eb8354690c1b\spring-boot-starter-aop-2.4.2.jar;C:\Users\djadp\.gradle\caches\modules-2\files-2.1\jakarta.transaction\jakarta.transaction-api\1.3.3\c4179d48720a1e87202115fbed6089bdc4195405\jakarta.transaction-api-1.3.3.jar;C:\Users\djadp\.gradle\caches\modules-2\files-2.1\jakarta.persistence\jakarta.persistence-api\2.2.3\8f6ea5daedc614f07a3654a455660145286f024e\jakarta.persiste
Launcher Type: SUN_STANDARD

[Global flags]
     bool BytecodeVerificationLocal                = false                                     {product} {command line}
     bool BytecodeVerificationRemote               = false                                     {product} {command line}
     intx CICompilerCount                          = 4                                         {product} {ergonomic}
     uint ConcGCThreads                            = 2                                         {product} {ergonomic}
     uint G1ConcRefinementThreads                  = 8                                         {product} {ergonomic}
   size_t G1HeapRegionSize                         = 1048576                                   {product} {ergonomic}
    uintx GCDrainStackTargetSize                   = 64                                        {product} {ergonomic}
   size_t InitialHeapSize                          = 134217728                                 {product} {ergonomic}
     bool ManagementServer                         = true                                      {product} {command line}
   size_t MarkStackSize                            = 4194304                                   {product} {ergonomic}
   size_t MaxHeapSize                              = 2126512128                                {product} {ergonomic}
   size_t MinHeapDeltaBytes                        = 1048576                                   {product} {ergonomic}
    uintx NonNMethodCodeHeapSize                   = 7549744                                {pd product} {ergonomic}
    uintx NonProfiledCodeHeapSize                  = 244108496                              {pd product} {ergonomic}
    uintx ProfiledCodeHeapSize                     = 0                                      {pd product} {ergonomic}
    uintx ReservedCodeCacheSize                    = 251658240                              {pd product} {ergonomic}
     bool SegmentedCodeCache                       = true                                      {product} {ergonomic}
     intx TieredStopAtLevel                        = 1                                         {product} {command line}
     bool UseCompressedClassPointers               = true                                 {lp64_product} {ergonomic}
     bool UseCompressedOops                        = true                                 {lp64_product} {ergonomic}
     bool UseG1GC                                  = true                                      {product} {ergonomic}
     bool UseLargePagesIndividualAllocation        = false                                  {pd product} {ergonomic}

Logging:
Log output configuration:
 #0: stdout all=warning uptime,level,tags
 #1: stderr all=off uptime,level,tags

Environment Variables:
PATH=C:\Program Files\Common Files\Oracle\Java\javapath;C:\app\Administrator\product\18.0.0\dbhomeXE\bin;C:\Program Files (x86)\Intel\iCLS Client\;C:\Program Files\Intel\iCLS Client\;C:\WINDOWS\system32;C:\WINDOWS;C:\WINDOWS\System32\Wbem;C:\WINDOWS\System32\WindowsPowerShell\v1.0\;C:\Program Files\Intel\WiFi\bin\;C:\Program Files\Common Files\Intel\WirelessCommon\;C:\Program Files (x86)\Intel\Intel(R) Management Engine Components\DAL;C:\Program Files\Intel\Intel(R) Management Engine Components\DAL;C:\Program Files (x86)\Intel\Intel(R) Management Engine Components\IPT;C:\Program Files\Intel\Intel(R) Management Engine Components\IPT;C:\WINDOWS\System32\OpenSSH\;C:\Program Files\PuTTY\;C:\Program Files\Git\cmd;C:\Users\djadp\AppData\Local\Microsoft\WindowsApps
USERNAME=djadp
OS=Windows_NT
PROCESSOR_IDENTIFIER=Intel64 Family 6 Model 142 Stepping 10, GenuineIntel



---------------  S Y S T E M  ---------------

OS: Windows 10 , 64 bit Build 19041 (10.0.19041.1348)

CPU:total 8 (initial active 8) (4 cores per cpu, 2 threads per core) family 6 model 142 stepping 10 microcode 0xb4, cmov, cx8, fxsr, mmx, sse, sse2, sse3, ssse3, sse4.1, sse4.2, popcnt, avx, avx2, aes, clmul, erms, 3dnowpref, lzcnt, ht, tsc, tscinvbit, bmi1, bmi2, adx, fma

Memory: 4k page, system-wide physical 8107M (620M free)
TotalPageFile size 20585M (AvailPageFile size 44M)
current process WorkingSet (physical memory assigned to process): 10M, peak: 10M
current process commit charge ("private bytes"): 57M, peak: 185M

vm_info: Java HotSpot(TM) 64-Bit Server VM (11.0.13+10-LTS-370) for windows-amd64 JRE (11.0.13+10-LTS-370), built on Sep 15 2021 22:10:36 by "mach5one" with MS VC++ 15.9 (VS2017)

END.
